id: 154
Title: Empty Heart: False Love
Genre: Sequential Art
Author: Masara Minase
Reviews:
id: 579 Rating: 4 Likes: 0 Date: February 17 2019
id: 968 Rating: 0 Likes: 0 Date: May 29 2019
id: 1616 Rating: 3 Likes: 0 Date: September 9 2018
id: 2006 Rating: 5 Likes: 0 Date: June 14 2017
id: 2849 Rating: 1 Likes: 0 Date: December 1 2013
id: 3153 Rating: 3 Likes: 0 Date: August 19 2018
id: 3386 Rating: 5 Likes: 0 Date: June 25 2017
id: 3622 Rating: 4 Likes: 0 Date: June 28 2019
id: 4486 Rating: 2 Likes: 0 Date: August 16 2009
id: 4544 Rating: 4 Likes: 0 Date: May 27 2017
id: 4994 Rating: 2 Likes: 0 Date: May 16 2012
id: 6336 Rating: 5 Likes: 2 Date: October 26 2014
id: 6422 Rating: 4 Likes: 1 Date: August 9 2018
id: 6516 Rating: 2 Likes: 4 Date: April 1 2018
id: 7035 Rating: 3 Likes: 2 Date: August 25 2016
id: 7921 Rating: 3 Likes: 0 Date: November 10 2016
id: 8198 Rating: 3 Likes: 0 Date: February 19 2019
id: 8339 Rating: 4 Likes: 0 Date: August 27 2014
id: 8679 Rating: 0 Likes: 0 Date: January 11 2013
id: 9253 Rating: 3 Likes: 0 Date: May 3 2018
id: 9371 Rating: 4 Likes: 0 Date: July 24 2011
id: 10915 Rating: 0 Likes: 1 Date: August 13 2017
id: 11321 Rating: 2 Likes: 0 Date: November 11 2017
id: 12279 Rating: 3 Likes: 4 Date: November 18 2018
id: 12605 Rating: 2 Likes: 0 Date: June 6 2012
id: 13715 Rating: 2 Likes: 0 Date: June 12 2019
id: 17384 Rating: 4 Likes: 0 Date: August 14 2018
