id: 135
Title: Fried Green Tomatoes at the Whistle Stop Cafe
Genre: Fiction
Author: Fannie Flagg
Reviews:
id: 123 Rating: 2 Likes: 24 Date: June 1 2017
id: 255 Rating: 3 Likes: 0 Date: September 22 2019
id: 1848 Rating: 0 Likes: 0 Date: November 26 2017
id: 3133 Rating: 3 Likes: 0 Date: May 21 2017
id: 3342 Rating: 1 Likes: 0 Date: May 18 2019
id: 3543 Rating: 0 Likes: 0 Date: June 15 2018
id: 4192 Rating: 1 Likes: 8 Date: April 26 2017
id: 4439 Rating: 4 Likes: 0 Date: July 7 2017
id: 4774 Rating: 0 Likes: 0 Date: January 19 2017
id: 5507 Rating: 4 Likes: 0 Date: March 24 2017
id: 5686 Rating: 1 Likes: 0 Date: January 4 2016
id: 7503 Rating: 1 Likes: 0 Date: October 4 2017
id: 7726 Rating: 0 Likes: 0 Date: July 4 2009
id: 7887 Rating: 1 Likes: 0 Date: January 16 2012
id: 8573 Rating: 2 Likes: 0 Date: October 15 2019
id: 8806 Rating: 4 Likes: 0 Date: January 9 2010
id: 11029 Rating: 4 Likes: 10 Date: July 29 2017
id: 12206 Rating: 1 Likes: 1 Date: April 29 2015
id: 12911 Rating: 1 Likes: 0 Date: May 11 2015
id: 13144 Rating: 1 Likes: 0 Date: July 11 2019
id: 13454 Rating: 5 Likes: 0 Date: October 3 2017
id: 13872 Rating: 0 Likes: 0 Date: January 2 2017
id: 13913 Rating: 1 Likes: 0 Date: January 13 2019
id: 14241 Rating: 5 Likes: 1 Date: December 6 2018
id: 14282 Rating: 0 Likes: 1 Date: August 1 2016
id: 14802 Rating: 2 Likes: 0 Date: December 5 2019
id: 14960 Rating: 4 Likes: 0 Date: December 15 2015
id: 16217 Rating: 0 Likes: 1 Date: May 19 2019
id: 16300 Rating: 1 Likes: 0 Date: March 6 2019
id: 16349 Rating: 2 Likes: 0 Date: October 7 2015
id: 16408 Rating: 1 Likes: 0 Date: May 1 2015
id: 16524 Rating: 5 Likes: 0 Date: December 28 2017
id: 17313 Rating: 0 Likes: 0 Date: November 25 2017
